#
# There is insufficient memory for the Java Runtime Environment to continue.
# Native memory allocation (mmap) failed to map 130023424 bytes for Failed to commit area from 0x0000000085200000 to 0x000000008ce00000 of length 130023424.
# Possible reasons:
#   The system is out of physical RAM or swap space
#   The process is running with CompressedOops enabled, and the Java Heap may be blocking the growth of the native heap
# Possible solutions:
#   Reduce memory load on the system
#   Increase physical memory or swap space
#   Check if swap backing store is full
#   Decrease Java heap size (-Xmx/-Xms)
#   Decrease number of Java threads
#   Decrease Java thread stack sizes (-Xss)
#   Set larger code cache with -XX:ReservedCodeCacheSize=
# This output file may be truncated or incomplete.
#
#  Out of Memory Error (./src/hotspot/os/windows/os_windows.cpp:3303), pid=33560, tid=26892
#
# JRE version:  (11.0.9+11) (build )
# Java VM: OpenJDK 64-Bit Server VM (11.0.9+11-b944.49, mixed mode, sharing, tiered, compressed oops, g1 gc, windows-amd64)
# No core dump will be written. Minidumps are not enabled by default on client versions of Windows
#

---------------  S U M M A R Y ------------

Command Line: org.jetbrains.git4idea.http.GitAskPassApp Username for 'https://gitee.com': 

Host: Intel(R) Core(TM) i5-9400 CPU @ 2.90GHz, 6 cores, 7G,  Windows 10 , 64 bit Build 18362 (10.0.18362.1350)
Time: Wed Apr  7 20:24:29 2021 ?D1¨²¡À¨º¡Á?¨º¡À?? elapsed time: 0.018305 seconds (0d 0h 0m 0s)

---------------  T H R E A D  ---------------

Current thread (0x00000185214bc800):  JavaThread "Unknown thread" [_thread_in_vm, id=26892, stack(0x0000007f56900000,0x0000007f56a00000)]

Stack: [0x0000007f56900000,0x0000007f56a00000]
Native frames: (J=compiled Java code, j=interpreted, Vv=VM code, C=native code)
V  [jvm.dll+0x5ed32a]
V  [jvm.dll+0x722655]
V  [jvm.dll+0x723bad]
V  [jvm.dll+0x724263]
V  [jvm.dll+0x242cc8]
V  [jvm.dll+0x5ea7e4]
V  [jvm.dll+0x5df8f5]
V  [jvm.dll+0x2fe2db]
V  [jvm.dll+0x2fe24a]
V  [jvm.dll+0x2fe122]
V  [jvm.dll+0x302ff6]
V  [jvm.dll+0x34b703]
V  [jvm.dll+0x34be06]
V  [jvm.dll+0x34b803]
V  [jvm.dll+0x2d8f98]
V  [jvm.dll+0x2da137]
V  [jvm.dll+0x7013c7]
V  [jvm.dll+0x702bbc]
V  [jvm.dll+0x358cb9]
V  [jvm.dll+0x6e4e9e]
V  [jvm.dll+0x3c1083]
V  [jvm.dll+0x3c3231]
C  [jli.dll+0x5373]
C  [ucrtbase.dll+0x210b2]
C  [KERNEL32.DLL+0x17c24]
C  [ntdll.dll+0x6d721]


---------------  P R O C E S S  ---------------

Threads class SMR info:
_java_thread_list=0x000001851f1f6f10, length=0, elements={
}

Java Threads: ( => current thread )

Other Threads:
  0x00000185214d5800 GCTaskThread "GC Thread#0" [stack: 0x0000007f56a00000,0x0000007f56b00000] [id=25604]
  0x0000018521504800 ConcurrentGCThread "G1 Main Marker" [stack: 0x0000007f56b00000,0x0000007f56c00000] [id=40392]
  0x0000018521507800 ConcurrentGCThread "G1 Conc#0" [stack: 0x0000007f56c00000,0x0000007f56d00000] [id=39276]

[error occurred during error reporting (printing all threads), id 0xc0000005, EXCEPTION_ACCESS_VIOLATION (0xc0000005) at pc=0x00007ff9a0c99537]

VM state:not at safepoint (not fully initialized)

VM Mutex/Monitor currently owned by a thread:  ([mutex/lock_event])
[0x00000185214b9770] Heap_lock - owner thread: 0x00000185214bc800

Heap address: 0x0000000085200000, size: 1966 MB, Compressed Oops mode: Non-zero based: 0x0000000085200000
Narrow klass base: 0x0000000000000000, Narrow klass shift: 0

GC Heap History (0 events):
No events

Deoptimization events (0 events):
No events

Classes redefined (0 events):
No events

Internal exceptions (0 events):
No events

Events (1 events):
Event: 0.011 Loaded shared library D:\Program Files\JetBrains\PyCharm 2020.2.2\jbr\bin\zip.dll


Dynamic libraries:
0x00007ff7bc9e0000 - 0x00007ff7bc9ea000 	D:\Program Files\JetBrains\PyCharm 2020.2.2\jbr\bin\java.exe
0x00007ff9e6080000 - 0x00007ff9e6270000 	C:\Windows\SYSTEM32\ntdll.dll
0x00007ff9e5d20000 - 0x00007ff9e5dd2000 	C:\Windows\System32\KERNEL32.DLL
0x00007ff9e30f0000 - 0x00007ff9e3395000 	C:\Windows\System32\KERNELBASE.dll
0x00007ff9e2ff0000 - 0x00007ff9e30ea000 	C:\Windows\System32\ucrtbase.dll
0x00007ff9c8740000 - 0x00007ff9c8757000 	D:\Program Files\JetBrains\PyCharm 2020.2.2\jbr\bin\VCRUNTIME140.dll
0x00007ff9a6670000 - 0x00007ff9a6689000 	D:\Program Files\JetBrains\PyCharm 2020.2.2\jbr\bin\jli.dll
0x00007ff9e5830000 - 0x00007ff9e59c4000 	C:\Windows\System32\USER32.dll
0x00007ff9e3500000 - 0x00007ff9e3521000 	C:\Windows\System32\win32u.dll
0x00007ff9d5be0000 - 0x00007ff9d5e64000 	C:\Windows\WinSxS\amd64_microsoft.windows.common-controls_6595b64144ccf1df_6.0.18362.1440_none_9e7dbfb9e45e8e67\COMCTL32.dll
0x00007ff9e6010000 - 0x00007ff9e6036000 	C:\Windows\System32\GDI32.dll
0x00007ff9e5e40000 - 0x00007ff9e5ede000 	C:\Windows\System32\msvcrt.dll
0x00007ff9e3690000 - 0x00007ff9e3828000 	C:\Windows\System32\gdi32full.dll
0x00007ff9e3530000 - 0x00007ff9e35ce000 	C:\Windows\System32\msvcp_win.dll
0x00007ff9e4cc0000 - 0x00007ff9e4ff6000 	C:\Windows\System32\combase.dll
0x00007ff9e5bf0000 - 0x00007ff9e5d0f000 	C:\Windows\System32\RPCRT4.dll
0x00007ff9e3600000 - 0x00007ff9e3681000 	C:\Windows\System32\bcryptPrimitives.dll
0x00007ff9e5800000 - 0x00007ff9e582e000 	C:\Windows\System32\IMM32.DLL
0x00007ff9b3810000 - 0x00007ff9b38ad000 	D:\Program Files\JetBrains\PyCharm 2020.2.2\jbr\bin\msvcp140.dll
0x00007ff9a09b0000 - 0x00007ff9a147e000 	D:\Program Files\JetBrains\PyCharm 2020.2.2\jbr\bin\server\jvm.dll
0x00007ff9e5b40000 - 0x00007ff9e5be3000 	C:\Windows\System32\ADVAPI32.dll
0x00007ff9e5020000 - 0x00007ff9e50b7000 	C:\Windows\System32\sechost.dll
0x00007ff9e51e0000 - 0x00007ff9e51e8000 	C:\Windows\System32\PSAPI.DLL
0x00007ff9d9d40000 - 0x00007ff9d9d49000 	C:\Windows\SYSTEM32\WSOCK32.dll
0x00007ff9db300000 - 0x00007ff9db324000 	C:\Windows\SYSTEM32\WINMM.dll
0x00007ff9df210000 - 0x00007ff9df21a000 	C:\Windows\SYSTEM32\VERSION.dll
0x00007ff9e5170000 - 0x00007ff9e51df000 	C:\Windows\System32\WS2_32.dll
0x00007ff9db210000 - 0x00007ff9db23d000 	C:\Windows\SYSTEM32\WINMMBASE.dll
0x00007ff9e3450000 - 0x00007ff9e349a000 	C:\Windows\System32\cfgmgr32.dll
0x00007ff9e2f40000 - 0x00007ff9e2f51000 	C:\Windows\System32\kernel.appcore.dll
0x00007ff9cb5c0000 - 0x00007ff9cb5d1000 	D:\Program Files\JetBrains\PyCharm 2020.2.2\jbr\bin\verify.dll
0x00007ff9d7760000 - 0x00007ff9d7954000 	C:\Windows\SYSTEM32\DBGHELP.DLL
0x00007ff9d7730000 - 0x00007ff9d775a000 	C:\Windows\SYSTEM32\dbgcore.DLL
0x00007ff9a2ea0000 - 0x00007ff9a2ec9000 	D:\Program Files\JetBrains\PyCharm 2020.2.2\jbr\bin\java.dll
0x00007ff9d30a0000 - 0x00007ff9d30ab000 	D:\Program Files\JetBrains\PyCharm 2020.2.2\jbr\bin\jimage.dll
0x00007ff9a2e80000 - 0x00007ff9a2e98000 	D:\Program Files\JetBrains\PyCharm 2020.2.2\jbr\bin\zip.dll

dbghelp: loaded successfully - version: 4.0.5 - missing functions: none
symbol engine: initialized successfully - sym options: 0x614 - pdb path: .;D:\Program Files\JetBrains\PyCharm 2020.2.2\jbr\bin;C:\Windows\SYSTEM32;C:\Windows\WinSxS\amd64_microsoft.windows.common-controls_6595b64144ccf1df_6.0.18362.1440_none_9e7dbfb9e45e8e67;D:\Program Files\JetBrains\PyCharm 2020.2.2\jbr\bin\server

VM Arguments:
java_command: org.jetbrains.git4idea.http.GitAskPassApp Username for 'https://gitee.com': 
java_class_path (initial): D:/Program Files/JetBrains/PyCharm 2020.2.2/plugins/git4idea/lib/git4idea-rt.jar;D:/Program Files/JetBrains/PyCharm 2020.2.2/lib/xmlrpc-2.0.1.jar;D:/Program Files/JetBrains/PyCharm 2020.2.2/lib/commons-codec-1.14.jar
Launcher Type: SUN_STANDARD

[Global flags]
     intx CICompilerCount                          = 3                                         {product} {ergonomic}
     uint ConcGCThreads                            = 2                                         {product} {ergonomic}
     uint G1ConcRefinementThreads                  = 6                                         {product} {ergonomic}
   size_t G1HeapRegionSize                         = 1048576                                   {product} {ergonomic}
    uintx GCDrainStackTargetSize                   = 64                                        {product} {ergonomic}
   size_t InitialHeapSize                          = 130023424                                 {product} {ergonomic}
   size_t MarkStackSize                            = 4194304                                   {product} {ergonomic}
   size_t MaxHeapSize                              = 2061500416                                {product} {ergonomic}
   size_t MinHeapDeltaBytes                        = 1048576                                   {product} {ergonomic}
    uintx NonNMethodCodeHeapSize                   = 5830732                                {pd product} {ergonomic}
    uintx NonProfiledCodeHeapSize                  = 122913754                              {pd product} {ergonomic}
    uintx ProfiledCodeHeapSize                     = 122913754                              {pd product} {ergonomic}
    uintx ReservedCodeCacheSize                    = 251658240                              {pd product} {ergonomic}
     bool SegmentedCodeCache                       = true                                      {product} {ergonomic}
     bool UseCompressedClassPointers               = true                                 {lp64_product} {ergonomic}
     bool UseCompressedOops                        = true                                 {lp64_product} {ergonomic}
     bool UseG1GC                                  = true                                      {product} {ergonomic}
     bool UseLargePagesIndividualAllocation        = false                                  {pd product} {ergonomic}

Logging:
Log output configuration:
 #0: stdout all=warning uptime,level,tags
 #1: stderr all=off uptime,level,tags

Environment Variables:
PATH=C:\Program Files\Git\mingw64\libexec\git-core;C:\Program Files\Git\mingw64\libexec\git-core;C:\Program Files\Git\mingw64\bin;C:\Program Files\Git\usr\bin;C:\Users\000\bin;D:\ProgramData\Miniconda3;D:\ProgramData\Miniconda3\Library\mingw-w64\bin;D:\ProgramData\Miniconda3\Library\usr\bin;D:\ProgramData\Miniconda3\Library\bin;D:\ProgramData\Miniconda3\Scripts;D:\Program Files (x86)\NetSarang\Xshell 6;C:\Program Files (x86)\Intel\Intel(R) Management Engine Components\iCLS;C:\Program Files\Intel\Intel(R) Management Engine Components\iCLS;C:\Windows\system32;C:\Windows;C:\Windows\System32\Wbem;C:\Windows\System32\WindowsPowerShell\v1.0;C:\Windows\System32\OpenSSH;C:\Program Files (x86)\Intel\Intel(R) Management Engine Components\DAL;C:\Program Files\Intel\Intel(R) Management Engine Components\DAL;C:\Program Files (x86)\Intel\Intel(R) Management Engine Components\IPT;C:\Program Files\Intel\Intel(R) Management Engine Components\IPT;C:\Program Files\Git\cmd;C:\Users\000\AppData\Local\Microsoft\WindowsApps;%PyCharm Community Edition%;D:\Program Files\JetBrains\PyCharm 2020.2.2\bin;D:\Program Files\Microsoft VS Code\bin;F:\Program Files\JetBrains\CLion 2020.2\bin
USERNAME=000
DISPLAY=:0.0
LC_ALL=en_US.UTF-8
OS=Windows_NT
PROCESSOR_IDENTIFIER=Intel64 Family 6 Model 158 Stepping 10, GenuineIntel



---------------  S Y S T E M  ---------------

OS: Windows 10 , 64 bit Build 18362 (10.0.18362.1350)
OS uptime: 14 days 2:02 hours

CPU:total 6 (initial active 6) (6 cores per cpu, 1 threads per core) family 6 model 158 stepping 10, cmov, cx8, fxsr, mmx, sse, sse2, sse3, ssse3, sse4.1, sse4.2, popcnt, avx, avx2, aes, clmul, erms, 3dnowpref, lzcnt, tsc, tscinvbit, bmi1, bmi2, adx, fma

Memory: 4k page, system-wide physical 7860M (341M free)
TotalPageFile size 32436M (AvailPageFile size 9M)
current process WorkingSet (physical memory assigned to process): 10M, peak: 10M
current process commit charge ("private bytes"): 55M, peak: 179M

vm_info: OpenJDK 64-Bit Server VM (11.0.9+11-b944.49) for windows-amd64 JRE (11.0.9+11-b944.49), built on Nov 21 2020 13:01:57 by "" with MS VC++ 14.0 (VS2015)

END.
